<?xml version="1.0" encoding="UTF-8"?>
<testsuite xmlns:xsi="http://www.w3.org/2001/XMLSchema-instance" xsi:noNamespaceSchemaLocation="https://maven.apache.org/surefire/maven-surefire-plugin/xsd/surefire-test-report-3.0.xsd" version="3.0" name="pl.polsl.Model_package.ModelStatisticsSpotifyTest" time="0.172" tests="15" errors="0" skipped="0" failures="0">
  <properties>
    <property name="java.specification.version" value="17"/>
    <property name="sun.cpu.isalist" value="amd64"/>
    <property name="sun.jnu.encoding" value="Cp1250"/>
    <property name="java.class.path" value="C:\Users\Piotr\source\repos\Java_Projects\Kraska_Piotr_Statystyka_Spotify\target\test-classes;C:\Users\Piotr\source\repos\Java_Projects\Kraska_Piotr_Statystyka_Spotify\target\classes;C:\Users\Piotr\.m2\repository\org\junit\jupiter\junit-jupiter-api\5.6.0\junit-jupiter-api-5.6.0.jar;C:\Users\Piotr\.m2\repository\org\apiguardian\apiguardian-api\1.1.0\apiguardian-api-1.1.0.jar;C:\Users\Piotr\.m2\repository\org\opentest4j\opentest4j\1.2.0\opentest4j-1.2.0.jar;C:\Users\Piotr\.m2\repository\org\junit\platform\junit-platform-commons\1.6.0\junit-platform-commons-1.6.0.jar;C:\Users\Piotr\.m2\repository\org\junit\jupiter\junit-jupiter-params\5.6.0\junit-jupiter-params-5.6.0.jar;C:\Users\Piotr\.m2\repository\org\junit\jupiter\junit-jupiter-engine\5.6.0\junit-jupiter-engine-5.6.0.jar;C:\Users\Piotr\.m2\repository\org\junit\platform\junit-platform-engine\1.6.0\junit-platform-engine-1.6.0.jar;"/>
    <property name="java.vm.vendor" value="Oracle Corporation"/>
    <property name="sun.arch.data.model" value="64"/>
    <property name="user.variant" value=""/>
    <property name="java.vendor.url" value="https://java.oracle.com/"/>
    <property name="user.timezone" value="Europe/Warsaw"/>
    <property name="os.name" value="Windows 10"/>
    <property name="java.vm.specification.version" value="17"/>
    <property name="user.country" value="PL"/>
    <property name="sun.java.launcher" value="SUN_STANDARD"/>
    <property name="sun.boot.library.path" value="C:\Program Files\Java\jdk-17\bin"/>
    <property name="sun.java.command" value="C:\Users\Piotr\AppData\Local\Temp\surefire1662569564945831619\surefirebooter-20231126215056294_3.jar C:\Users\Piotr\AppData\Local\Temp\surefire1662569564945831619 2023-11-26T21-50-56_155-jvmRun1 surefire-20231126215056294_1tmp surefire_0-20231126215056294_2tmp"/>
    <property name="jdk.debug" value="release"/>
    <property name="test" value="pl.polsl.Model_package.ModelStatisticsSpotifyTest"/>
    <property name="surefire.test.class.path" value="C:\Users\Piotr\source\repos\Java_Projects\Kraska_Piotr_Statystyka_Spotify\target\test-classes;C:\Users\Piotr\source\repos\Java_Projects\Kraska_Piotr_Statystyka_Spotify\target\classes;C:\Users\Piotr\.m2\repository\org\junit\jupiter\junit-jupiter-api\5.6.0\junit-jupiter-api-5.6.0.jar;C:\Users\Piotr\.m2\repository\org\apiguardian\apiguardian-api\1.1.0\apiguardian-api-1.1.0.jar;C:\Users\Piotr\.m2\repository\org\opentest4j\opentest4j\1.2.0\opentest4j-1.2.0.jar;C:\Users\Piotr\.m2\repository\org\junit\platform\junit-platform-commons\1.6.0\junit-platform-commons-1.6.0.jar;C:\Users\Piotr\.m2\repository\org\junit\jupiter\junit-jupiter-params\5.6.0\junit-jupiter-params-5.6.0.jar;C:\Users\Piotr\.m2\repository\org\junit\jupiter\junit-jupiter-engine\5.6.0\junit-jupiter-engine-5.6.0.jar;C:\Users\Piotr\.m2\repository\org\junit\platform\junit-platform-engine\1.6.0\junit-platform-engine-1.6.0.jar;"/>
    <property name="sun.cpu.endian" value="little"/>
    <property name="user.home" value="C:\Users\Piotr"/>
    <property name="user.language" value="pl"/>
    <property name="java.specification.vendor" value="Oracle Corporation"/>
    <property name="java.version.date" value="2023-10-17"/>
    <property name="java.home" value="C:\Program Files\Java\jdk-17"/>
    <property name="file.separator" value="\"/>
    <property name="basedir" value="C:\Users\Piotr\source\repos\Java_Projects\Kraska_Piotr_Statystyka_Spotify"/>
    <property name="java.vm.compressedOopsMode" value="Zero based"/>
    <property name="line.separator" value="&#10;"/>
    <property name="java.vm.specification.vendor" value="Oracle Corporation"/>
    <property name="java.specification.name" value="Java Platform API Specification"/>
    <property name="surefire.real.class.path" value="C:\Users\Piotr\AppData\Local\Temp\surefire1662569564945831619\surefirebooter-20231126215056294_3.jar"/>
    <property name="user.script" value=""/>
    <property name="sun.management.compiler" value="HotSpot 64-Bit Tiered Compilers"/>
    <property name="java.runtime.version" value="17.0.9+11-LTS-201"/>
    <property name="user.name" value="Piotr"/>
    <property name="path.separator" value=";"/>
    <property name="os.version" value="10.0"/>
    <property name="java.runtime.name" value="Java(TM) SE Runtime Environment"/>
    <property name="file.encoding" value="Cp1250"/>
    <property name="java.vm.name" value="Java HotSpot(TM) 64-Bit Server VM"/>
    <property name="maven.ext.class.path" value="C:\Program Files\NetBeans-19\netbeans\java\maven-nblib\netbeans-eventspy.jar"/>
    <property name="localRepository" value="C:\Users\Piotr\.m2\repository"/>
    <property name="java.vendor.url.bug" value="https://bugreport.java.com/bugreport/"/>
    <property name="java.io.tmpdir" value="C:\Users\Piotr\AppData\Local\Temp\"/>
    <property name="java.version" value="17.0.9"/>
    <property name="user.dir" value="C:\Users\Piotr\source\repos\Java_Projects\Kraska_Piotr_Statystyka_Spotify"/>
    <property name="os.arch" value="amd64"/>
    <property name="java.vm.specification.name" value="Java Virtual Machine Specification"/>
    <property name="sun.os.patch.level" value=""/>
    <property name="native.encoding" value="Cp1250"/>
    <property name="java.library.path" value="C:\Program Files\Java\jdk-17\bin;C:\WINDOWS\Sun\Java\bin;C:\WINDOWS\system32;C:\WINDOWS;C:\Program Files\Common Files\Oracle\Java\javapath;D:\Program Files\Prolog\apls\bin;C:\Program Files (x86)\Intel\iCLS Client\;C:\Program Files\Intel\iCLS Client\;C:\ProgramData\Oracle\Java\javapath;C:\Windows\system32;C:\Windows;C:\Windows\System32\Wbem;C:\Windows\System32\WindowsPowerShell\v1.0\;C:\Program Files (x86)\Intel\Intel(R) Management Engine Components\DAL;C:\Program Files\Intel\Intel(R) Management Engine Components\DAL;C:\Program Files (x86)\Intel\Intel(R) Management Engine Components\IPT;C:\Program Files\Intel\Intel(R) Management Engine Components\IPT;C:\Program Files (x86)\NVIDIA Corporation\PhysX\Common;C:\Program Files\Crucial\Crucial Storage Executive;C:\Program Files\ASUS\Bluetooth Software\;C:\Program Files\ASUS\Bluetooth Software\syswow64;C:\WINDOWS\system32;C:\WINDOWS;C:\WINDOWS\System32\Wbem;C:\WINDOWS\System32\WindowsPowerShell\v1.0\;C:\WINDOWS\System32\OpenSSH\;C:\Program Files\NVIDIA Corporation\NVIDIA NvDLISR;C:\WINDOWS\system32;C:\WINDOWS;C:\WINDOWS\System32\Wbem;C:\WINDOWS\System32\WindowsPowerShell\v1.0\;C:\WINDOWS\System32\OpenSSH\;D:\FPC\2.6.4\bin\i386-Win32;D;D:\Program Files\Graphviz\bin;C:\msys64\mingw64\bin;C:\Program Files\Microsoft SQL Server\150\Tools\Binn\;C:\Program Files\Microsoft SQL Server\Client SDK\ODBC\170\Tools\Binn\;C:\Program Files\Git\cmd;C:\Program Files\dotnet\;C:\Program Files (x86)\Microsoft SQL Server\160\DTS\Binn\;C:\Program Files\Azure Data Studio\bin;C:\Program Files (x86)\Microsoft SQL Server\160\Tools\Binn\;C:\Program Files\Microsoft SQL Server\160\Tools\Binn\;C:\Program Files\Microsoft SQL Server\160\DTS\Binn\;D:\Python\Scripts\;D:\Python\;C:\Users\Piotr\AppData\Local\Microsoft\WindowsApps;C:\Users\Piotr\AppData\Local\Programs\Microsoft VS Code\bin;D:\Program Files (x86)\Nowy folder\miktex\bin\x64\;D:\msys64\mingw64\bin;C:\Users\Piotr\.dotnet\tools;C:\Program Files\Azure Data Studio\bin;C:\Users\Piotr\AppData\Local\GitHubDesktop\bin;D:\Program Files\JetBrains\IntelliJ IDEA Community Edition 2023.2.5\bin;;."/>
    <property name="java.vm.info" value="mixed mode, sharing"/>
    <property name="java.vendor" value="Oracle Corporation"/>
    <property name="java.vm.version" value="17.0.9+11-LTS-201"/>
    <property name="sun.io.unicode.encoding" value="UnicodeLittle"/>
    <property name="java.class.version" value="61.0"/>
  </properties>
  <testcase name="testMostPopularSong(String)[1]" classname="pl.polsl.Model_package.ModelStatisticsSpotifyTest" time="0.038"/>
  <testcase name="testSaveDataToFile(String)[1]" classname="pl.polsl.Model_package.ModelStatisticsSpotifyTest" time="0.013"/>
  <testcase name="testSetStatSpotify(String, String, String)[1]" classname="pl.polsl.Model_package.ModelStatisticsSpotifyTest" time="0.001"/>
  <testcase name="testSetStatSpotify(String, String, String)[2]" classname="pl.polsl.Model_package.ModelStatisticsSpotifyTest" time="0.001"/>
  <testcase name="testSetStatSpotify(String, String, String)[3]" classname="pl.polsl.Model_package.ModelStatisticsSpotifyTest" time="0.001"/>
  <testcase name="testMostPopularArtist(String)[1]" classname="pl.polsl.Model_package.ModelStatisticsSpotifyTest" time="0.003"/>
  <testcase name="testReadFile(String)[1]" classname="pl.polsl.Model_package.ModelStatisticsSpotifyTest" time="0.007"/>
  <testcase name="testReadFile(String)[2]" classname="pl.polsl.Model_package.ModelStatisticsSpotifyTest" time="0.011"/>
  <testcase name="testReadFile(String)[3]" classname="pl.polsl.Model_package.ModelStatisticsSpotifyTest" time="0.001"/>
  <testcase name="testSpearmanKorelation(String)[1]" classname="pl.polsl.Model_package.ModelStatisticsSpotifyTest" time="0.002"/>
  <testcase name="testLeastPopularArtist(String)[1]" classname="pl.polsl.Model_package.ModelStatisticsSpotifyTest" time="0.001"/>
  <testcase name="testArtistSorter(String)[1]" classname="pl.polsl.Model_package.ModelStatisticsSpotifyTest" time="0.002"/>
  <testcase name="testGenerateReport(String)[1]" classname="pl.polsl.Model_package.ModelStatisticsSpotifyTest" time="0.002"/>
  <testcase name="testArithmeticMeanOfListens(String)[1]" classname="pl.polsl.Model_package.ModelStatisticsSpotifyTest" time="0.001"/>
  <testcase name="testLeastPopularSong(String)[1]" classname="pl.polsl.Model_package.ModelStatisticsSpotifyTest" time="0.001"/>
</testsuite>